  Source.cpp
Source.obj : error LNK2019: unresolved external symbol _vkCreateInstance@12 referenced in function "private: void __thiscall HelloTriangleApplication::createInstance(void)" (?createInstance@HelloTriangleApplication@@AAEXXZ)
Source.obj : error LNK2019: unresolved external symbol _vkDestroyInstance@8 referenced in function "private: void __thiscall HelloTriangleApplication::cleanup(void)" (?cleanup@HelloTriangleApplication@@AAEXXZ)
Source.obj : error LNK2019: unresolved external symbol _vkEnumeratePhysicalDevices@12 referenced in function "private: void __thiscall HelloTriangleApplication::pickPhysicalDevice(void)" (?pickPhysicalDevice@HelloTriangleApplication@@AAEXXZ)
Source.obj : error LNK2019: unresolved external symbol _vkGetPhysicalDeviceFeatures@8 referenced in function "private: bool __thiscall HelloTriangleApplication::isDeviceSuitable(struct VkPhysicalDevice_T *)" (?isDeviceSuitable@HelloTriangleApplication@@AAE_NPAUVkPhysicalDevice_T@@@Z)
Source.obj : error LNK2019: unresolved external symbol _vkGetPhysicalDeviceFormatProperties@12 referenced in function "private: enum VkFormat __thiscall HelloTriangleApplication::findSupportedFormat(class std::vector<enum VkFormat,class std::allocator<enum VkFormat> > const &,enum VkImageTiling,unsigned int)" (?findSupportedFormat@HelloTriangleApplication@@AAE?AW4VkFormat@@ABV?$vector@W4VkFormat@@V?$allocator@W4VkFormat@@@std@@@std@@W4VkImageTiling@@I@Z)
Source.obj : error LNK2019: unresolved external symbol _vkGetPhysicalDeviceQueueFamilyProperties@12 referenced in function "private: struct QueueFamilyIndices __thiscall HelloTriangleApplication::findQueueFamilies(struct VkPhysicalDevice_T *)" (?findQueueFamilies@HelloTriangleApplication@@AAE?AUQueueFamilyIndices@@PAUVkPhysicalDevice_T@@@Z)
Source.obj : error LNK2019: unresolved external symbol _vkGetPhysicalDeviceMemoryProperties@8 referenced in function "private: unsigned int __thiscall HelloTriangleApplication::findMemoryType(unsigned int,unsigned int)" (?findMemoryType@HelloTriangleApplication@@AAEIII@Z)
Source.obj : error LNK2019: unresolved external symbol _vkGetInstanceProcAddr@8 referenced in function "enum VkResult __cdecl CreateDebugUtilsMessengerEXT(struct VkInstance_T *,struct VkDebugUtilsMessengerCreateInfoEXT const *,struct VkAllocationCallbacks const *,unsigned __int64 *)" (?CreateDebugUtilsMessengerEXT@@YA?AW4VkResult@@PAUVkInstance_T@@PBUVkDebugUtilsMessengerCreateInfoEXT@@PBUVkAllocationCallbacks@@PA_K@Z)
Source.obj : error LNK2019: unresolved external symbol _vkCreateDevice@16 referenced in function "private: void __thiscall HelloTriangleApplication::createLogicalDevice(void)" (?createLogicalDevice@HelloTriangleApplication@@AAEXXZ)
Source.obj : error LNK2019: unresolved external symbol _vkDestroyDevice@8 referenced in function "private: void __thiscall HelloTriangleApplication::cleanup(void)" (?cleanup@HelloTriangleApplication@@AAEXXZ)
Source.obj : error LNK2019: unresolved external symbol _vkEnumerateDeviceExtensionProperties@16 referenced in function "private: bool __thiscall HelloTriangleApplication::checkDeviceExtensionSupport(struct VkPhysicalDevice_T *)" (?checkDeviceExtensionSupport@HelloTriangleApplication@@AAE_NPAUVkPhysicalDevice_T@@@Z)
Source.obj : error LNK2019: unresolved external symbol _vkEnumerateInstanceLayerProperties@8 referenced in function "private: bool __thiscall HelloTriangleApplication::checkValidationLayerSupport(void)" (?checkValidationLayerSupport@HelloTriangleApplication@@AAE_NXZ)
Source.obj : error LNK2019: unresolved external symbol _vkGetDeviceQueue@16 referenced in function "private: void __thiscall HelloTriangleApplication::createLogicalDevice(void)" (?createLogicalDevice@HelloTriangleApplication@@AAEXXZ)
Source.obj : error LNK2019: unresolved external symbol _vkQueueSubmit@20 referenced in function "private: void __thiscall HelloTriangleApplication::copyBuffer(unsigned __int64,unsigned __int64,unsigned __int64)" (?copyBuffer@HelloTriangleApplication@@AAEX_K00@Z)
Source.obj : error LNK2019: unresolved external symbol _vkQueueWaitIdle@4 referenced in function "private: void __thiscall HelloTriangleApplication::copyBuffer(unsigned __int64,unsigned __int64,unsigned __int64)" (?copyBuffer@HelloTriangleApplication@@AAEX_K00@Z)
Source.obj : error LNK2019: unresolved external symbol _vkDeviceWaitIdle@4 referenced in function "private: void __thiscall HelloTriangleApplication::mainLoop(void)" (?mainLoop@HelloTriangleApplication@@AAEXXZ)
Source.obj : error LNK2019: unresolved external symbol _vkAllocateMemory@16 referenced in function "private: void __thiscall HelloTriangleApplication::createBuffer(unsigned __int64,unsigned int,unsigned int,unsigned __int64 &,unsigned __int64 &)" (?createBuffer@HelloTriangleApplication@@AAEX_KIIAA_K1@Z)
Source.obj : error LNK2019: unresolved external symbol _vkFreeMemory@16 referenced in function "private: void __thiscall HelloTriangleApplication::cleanup(void)" (?cleanup@HelloTriangleApplication@@AAEXXZ)
Source.obj : error LNK2019: unresolved external symbol _vkMapMemory@36 referenced in function "private: void __thiscall HelloTriangleApplication::createIndexBuffer(void)" (?createIndexBuffer@HelloTriangleApplication@@AAEXXZ)
Source.obj : error LNK2019: unresolved external symbol _vkUnmapMemory@12 referenced in function "private: void __thiscall HelloTriangleApplication::createIndexBuffer(void)" (?createIndexBuffer@HelloTriangleApplication@@AAEXXZ)
Source.obj : error LNK2019: unresolved external symbol _vkBindBufferMemory@28 referenced in function "private: void __thiscall HelloTriangleApplication::createBuffer(unsigned __int64,unsigned int,unsigned int,unsigned __int64 &,unsigned __int64 &)" (?createBuffer@HelloTriangleApplication@@AAEX_KIIAA_K1@Z)
Source.obj : error LNK2019: unresolved external symbol _vkBindImageMemory@28 referenced in function "private: void __thiscall HelloTriangleApplication::createImage(unsigned int,unsigned int,enum VkFormat,enum VkImageTiling,unsigned int,unsigned int,unsigned __int64 &,unsigned __int64 &)" (?createImage@HelloTriangleApplication@@AAEXIIW4VkFormat@@W4VkImageTiling@@IIAA_K2@Z)
Source.obj : error LNK2019: unresolved external symbol _vkGetBufferMemoryRequirements@16 referenced in function "private: void __thiscall HelloTriangleApplication::createBuffer(unsigned __int64,unsigned int,unsigned int,unsigned __int64 &,unsigned __int64 &)" (?createBuffer@HelloTriangleApplication@@AAEX_KIIAA_K1@Z)
Source.obj : error LNK2019: unresolved external symbol _vkGetImageMemoryRequirements@16 referenced in function "private: void __thiscall HelloTriangleApplication::createImage(unsigned int,unsigned int,enum VkFormat,enum VkImageTiling,unsigned int,unsigned int,unsigned __int64 &,unsigned __int64 &)" (?createImage@HelloTriangleApplication@@AAEXIIW4VkFormat@@W4VkImageTiling@@IIAA_K2@Z)
Source.obj : error LNK2019: unresolved external symbol _vkCreateFence@16 referenced in function "private: void __thiscall HelloTriangleApplication::createSyncObjects(void)" (?createSyncObjects@HelloTriangleApplication@@AAEXXZ)
Source.obj : error LNK2019: unresolved external symbol _vkDestroyFence@16 referenced in function "private: void __thiscall HelloTriangleApplication::cleanup(void)" (?cleanup@HelloTriangleApplication@@AAEXXZ)
Source.obj : error LNK2019: unresolved external symbol _vkResetFences@12 referenced in function "private: void __thiscall HelloTriangleApplication::drawFrame(void)" (?drawFrame@HelloTriangleApplication@@AAEXXZ)
Source.obj : error LNK2019: unresolved external symbol _vkWaitForFences@24 referenced in function "private: void __thiscall HelloTriangleApplication::drawFrame(void)" (?drawFrame@HelloTriangleApplication@@AAEXXZ)
Source.obj : error LNK2019: unresolved external symbol _vkCreateSemaphore@16 referenced in function "private: void __thiscall HelloTriangleApplication::createSyncObjects(void)" (?createSyncObjects@HelloTriangleApplication@@AAEXXZ)
Source.obj : error LNK2019: unresolved external symbol _vkDestroySemaphore@16 referenced in function "private: void __thiscall HelloTriangleApplication::cleanup(void)" (?cleanup@HelloTriangleApplication@@AAEXXZ)
Source.obj : error LNK2019: unresolved external symbol _vkCreateBuffer@16 referenced in function "private: void __thiscall HelloTriangleApplication::createBuffer(unsigned __int64,unsigned int,unsigned int,unsigned __int64 &,unsigned __int64 &)" (?createBuffer@HelloTriangleApplication@@AAEX_KIIAA_K1@Z)
Source.obj : error LNK2019: unresolved external symbol _vkDestroyBuffer@16 referenced in function "private: void __thiscall HelloTriangleApplication::cleanup(void)" (?cleanup@HelloTriangleApplication@@AAEXXZ)
Source.obj : error LNK2019: unresolved external symbol _vkCreateImage@16 referenced in function "private: void __thiscall HelloTriangleApplication::createImage(unsigned int,unsigned int,enum VkFormat,enum VkImageTiling,unsigned int,unsigned int,unsigned __int64 &,unsigned __int64 &)" (?createImage@HelloTriangleApplication@@AAEXIIW4VkFormat@@W4VkImageTiling@@IIAA_K2@Z)
Source.obj : error LNK2019: unresolved external symbol _vkDestroyImage@16 referenced in function "private: void __thiscall HelloTriangleApplication::cleanup(void)" (?cleanup@HelloTriangleApplication@@AAEXXZ)
Source.obj : error LNK2019: unresolved external symbol _vkCreateImageView@16 referenced in function "private: unsigned __int64 __thiscall HelloTriangleApplication::createImageView(unsigned __int64,enum VkFormat,unsigned int)" (?createImageView@HelloTriangleApplication@@AAE_K_KW4VkFormat@@I@Z)
Source.obj : error LNK2019: unresolved external symbol _vkDestroyImageView@16 referenced in function "private: void __thiscall HelloTriangleApplication::cleanup(void)" (?cleanup@HelloTriangleApplication@@AAEXXZ)
Source.obj : error LNK2019: unresolved external symbol _vkCreateShaderModule@16 referenced in function "private: unsigned __int64 __thiscall HelloTriangleApplication::createShaderModule(class std::vector<char,class std::allocator<char> > const &)" (?createShaderModule@HelloTriangleApplication@@AAE_KABV?$vector@DV?$allocator@D@std@@@std@@@Z)
Source.obj : error LNK2019: unresolved external symbol _vkDestroyShaderModule@16 referenced in function "private: void __thiscall HelloTriangleApplication::createGraphicsPipeline(void)" (?createGraphicsPipeline@HelloTriangleApplication@@AAEXXZ)
Source.obj : error LNK2019: unresolved external symbol _vkCreateGraphicsPipelines@28 referenced in function "private: void __thiscall HelloTriangleApplication::createGraphicsPipeline(void)" (?createGraphicsPipeline@HelloTriangleApplication@@AAEXXZ)
Source.obj : error LNK2019: unresolved external symbol _vkDestroyPipeline@16 referenced in function "private: void __thiscall HelloTriangleApplication::cleanupSwapChain(void)" (?cleanupSwapChain@HelloTriangleApplication@@AAEXXZ)
Source.obj : error LNK2019: unresolved external symbol _vkCreatePipelineLayout@16 referenced in function "private: void __thiscall HelloTriangleApplication::createGraphicsPipeline(void)" (?createGraphicsPipeline@HelloTriangleApplication@@AAEXXZ)
Source.obj : error LNK2019: unresolved external symbol _vkDestroyPipelineLayout@16 referenced in function "private: void __thiscall HelloTriangleApplication::cleanupSwapChain(void)" (?cleanupSwapChain@HelloTriangleApplication@@AAEXXZ)
Source.obj : error LNK2019: unresolved external symbol _vkCreateSampler@16 referenced in function "private: void __thiscall HelloTriangleApplication::createTextureSampler(void)" (?createTextureSampler@HelloTriangleApplication@@AAEXXZ)
Source.obj : error LNK2019: unresolved external symbol _vkDestroySampler@16 referenced in function "private: void __thiscall HelloTriangleApplication::cleanup(void)" (?cleanup@HelloTriangleApplication@@AAEXXZ)
Source.obj : error LNK2019: unresolved external symbol _vkCreateDescriptorSetLayout@16 referenced in function "private: void __thiscall HelloTriangleApplication::createDescriptorSetLayout(void)" (?createDescriptorSetLayout@HelloTriangleApplication@@AAEXXZ)
Source.obj : error LNK2019: unresolved external symbol _vkDestroyDescriptorSetLayout@16 referenced in function "private: void __thiscall HelloTriangleApplication::cleanup(void)" (?cleanup@HelloTriangleApplication@@AAEXXZ)
Source.obj : error LNK2019: unresolved external symbol _vkCreateDescriptorPool@16 referenced in function "private: void __thiscall HelloTriangleApplication::createDescriptorPool(void)" (?createDescriptorPool@HelloTriangleApplication@@AAEXXZ)
Source.obj : error LNK2019: unresolved external symbol _vkDestroyDescriptorPool@16 referenced in function "private: void __thiscall HelloTriangleApplication::cleanupSwapChain(void)" (?cleanupSwapChain@HelloTriangleApplication@@AAEXXZ)
Source.obj : error LNK2019: unresolved external symbol _vkAllocateDescriptorSets@12 referenced in function "private: void __thiscall HelloTriangleApplication::createDescriptorSets(void)" (?createDescriptorSets@HelloTriangleApplication@@AAEXXZ)
Source.obj : error LNK2019: unresolved external symbol _vkUpdateDescriptorSets@20 referenced in function "private: void __thiscall HelloTriangleApplication::createDescriptorSets(void)" (?createDescriptorSets@HelloTriangleApplication@@AAEXXZ)
Source.obj : error LNK2019: unresolved external symbol _vkCreateFramebuffer@16 referenced in function "private: void __thiscall HelloTriangleApplication::createFramebuffers(void)" (?createFramebuffers@HelloTriangleApplication@@AAEXXZ)
Source.obj : error LNK2019: unresolved external symbol _vkDestroyFramebuffer@16 referenced in function "private: void __thiscall HelloTriangleApplication::cleanupSwapChain(void)" (?cleanupSwapChain@HelloTriangleApplication@@AAEXXZ)
Source.obj : error LNK2019: unresolved external symbol _vkCreateRenderPass@16 referenced in function "private: void __thiscall HelloTriangleApplication::createRenderPass(void)" (?createRenderPass@HelloTriangleApplication@@AAEXXZ)
Source.obj : error LNK2019: unresolved external symbol _vkDestroyRenderPass@16 referenced in function "private: void __thiscall HelloTriangleApplication::cleanupSwapChain(void)" (?cleanupSwapChain@HelloTriangleApplication@@AAEXXZ)
Source.obj : error LNK2019: unresolved external symbol _vkCreateCommandPool@16 referenced in function "private: void __thiscall HelloTriangleApplication::createCommandPool(void)" (?createCommandPool@HelloTriangleApplication@@AAEXXZ)
Source.obj : error LNK2019: unresolved external symbol _vkDestroyCommandPool@16 referenced in function "private: void __thiscall HelloTriangleApplication::cleanup(void)" (?cleanup@HelloTriangleApplication@@AAEXXZ)
Source.obj : error LNK2019: unresolved external symbol _vkAllocateCommandBuffers@12 referenced in function "private: struct VkCommandBuffer_T * __thiscall HelloTriangleApplication::beginSingleTimeCommands(void)" (?beginSingleTimeCommands@HelloTriangleApplication@@AAEPAUVkCommandBuffer_T@@XZ)
Source.obj : error LNK2019: unresolved external symbol _vkFreeCommandBuffers@20 referenced in function "private: void __thiscall HelloTriangleApplication::cleanupSwapChain(void)" (?cleanupSwapChain@HelloTriangleApplication@@AAEXXZ)
Source.obj : error LNK2019: unresolved external symbol _vkBeginCommandBuffer@8 referenced in function "private: struct VkCommandBuffer_T * __thiscall HelloTriangleApplication::beginSingleTimeCommands(void)" (?beginSingleTimeCommands@HelloTriangleApplication@@AAEPAUVkCommandBuffer_T@@XZ)
Source.obj : error LNK2019: unresolved external symbol _vkEndCommandBuffer@4 referenced in function "private: void __thiscall HelloTriangleApplication::copyBuffer(unsigned __int64,unsigned __int64,unsigned __int64)" (?copyBuffer@HelloTriangleApplication@@AAEX_K00@Z)
Source.obj : error LNK2019: unresolved external symbol _vkCmdBindPipeline@16 referenced in function "private: void __thiscall HelloTriangleApplication::createCommandBuffers(void)" (?createCommandBuffers@HelloTriangleApplication@@AAEXXZ)
Source.obj : error LNK2019: unresolved external symbol _vkCmdBindDescriptorSets@36 referenced in function "private: void __thiscall HelloTriangleApplication::createCommandBuffers(void)" (?createCommandBuffers@HelloTriangleApplication@@AAEXXZ)
Source.obj : error LNK2019: unresolved external symbol _vkCmdBindIndexBuffer@24 referenced in function "private: void __thiscall HelloTriangleApplication::createCommandBuffers(void)" (?createCommandBuffers@HelloTriangleApplication@@AAEXXZ)
Source.obj : error LNK2019: unresolved external symbol _vkCmdBindVertexBuffers@20 referenced in function "private: void __thiscall HelloTriangleApplication::createCommandBuffers(void)" (?createCommandBuffers@HelloTriangleApplication@@AAEXXZ)
Source.obj : error LNK2019: unresolved external symbol _vkCmdDrawIndexed@24 referenced in function "private: void __thiscall HelloTriangleApplication::createCommandBuffers(void)" (?createCommandBuffers@HelloTriangleApplication@@AAEXXZ)
Source.obj : error LNK2019: unresolved external symbol _vkCmdCopyBuffer@28 referenced in function "private: void __thiscall HelloTriangleApplication::copyBuffer(unsigned __int64,unsigned __int64,unsigned __int64)" (?copyBuffer@HelloTriangleApplication@@AAEX_K00@Z)
Source.obj : error LNK2019: unresolved external symbol _vkCmdCopyBufferToImage@32 referenced in function "private: void __thiscall HelloTriangleApplication::copyBufferToImage(unsigned __int64,unsigned __int64,unsigned int,unsigned int)" (?copyBufferToImage@HelloTriangleApplication@@AAEX_K0II@Z)
Source.obj : error LNK2019: unresolved external symbol _vkCmdPipelineBarrier@40 referenced in function "private: void __thiscall HelloTriangleApplication::transitionImageLayout(unsigned __int64,enum VkFormat,enum VkImageLayout,enum VkImageLayout)" (?transitionImageLayout@HelloTriangleApplication@@AAEX_KW4VkFormat@@W4VkImageLayout@@2@Z)
Source.obj : error LNK2019: unresolved external symbol _vkCmdBeginRenderPass@12 referenced in function "private: void __thiscall HelloTriangleApplication::createCommandBuffers(void)" (?createCommandBuffers@HelloTriangleApplication@@AAEXXZ)
Source.obj : error LNK2019: unresolved external symbol _vkCmdEndRenderPass@4 referenced in function "private: void __thiscall HelloTriangleApplication::createCommandBuffers(void)" (?createCommandBuffers@HelloTriangleApplication@@AAEXXZ)
Source.obj : error LNK2019: unresolved external symbol _vkDestroySurfaceKHR@16 referenced in function "private: void __thiscall HelloTriangleApplication::cleanup(void)" (?cleanup@HelloTriangleApplication@@AAEXXZ)
Source.obj : error LNK2019: unresolved external symbol _vkGetPhysicalDeviceSurfaceSupportKHR@20 referenced in function "private: struct QueueFamilyIndices __thiscall HelloTriangleApplication::findQueueFamilies(struct VkPhysicalDevice_T *)" (?findQueueFamilies@HelloTriangleApplication@@AAE?AUQueueFamilyIndices@@PAUVkPhysicalDevice_T@@@Z)
Source.obj : error LNK2019: unresolved external symbol _vkGetPhysicalDeviceSurfaceCapabilitiesKHR@16 referenced in function "private: struct SwapChainSupportDetails __thiscall HelloTriangleApplication::querySwapChainSupport(struct VkPhysicalDevice_T *)" (?querySwapChainSupport@HelloTriangleApplication@@AAE?AUSwapChainSupportDetails@@PAUVkPhysicalDevice_T@@@Z)
Source.obj : error LNK2019: unresolved external symbol _vkGetPhysicalDeviceSurfaceFormatsKHR@20 referenced in function "private: struct SwapChainSupportDetails __thiscall HelloTriangleApplication::querySwapChainSupport(struct VkPhysicalDevice_T *)" (?querySwapChainSupport@HelloTriangleApplication@@AAE?AUSwapChainSupportDetails@@PAUVkPhysicalDevice_T@@@Z)
Source.obj : error LNK2019: unresolved external symbol _vkGetPhysicalDeviceSurfacePresentModesKHR@20 referenced in function "private: struct SwapChainSupportDetails __thiscall HelloTriangleApplication::querySwapChainSupport(struct VkPhysicalDevice_T *)" (?querySwapChainSupport@HelloTriangleApplication@@AAE?AUSwapChainSupportDetails@@PAUVkPhysicalDevice_T@@@Z)
Source.obj : error LNK2019: unresolved external symbol _vkCreateSwapchainKHR@16 referenced in function "private: void __thiscall HelloTriangleApplication::createSwapChain(void)" (?createSwapChain@HelloTriangleApplication@@AAEXXZ)
Source.obj : error LNK2019: unresolved external symbol _vkDestroySwapchainKHR@16 referenced in function "private: void __thiscall HelloTriangleApplication::cleanupSwapChain(void)" (?cleanupSwapChain@HelloTriangleApplication@@AAEXXZ)
Source.obj : error LNK2019: unresolved external symbol _vkGetSwapchainImagesKHR@20 referenced in function "private: void __thiscall HelloTriangleApplication::createSwapChain(void)" (?createSwapChain@HelloTriangleApplication@@AAEXXZ)
Source.obj : error LNK2019: unresolved external symbol _vkAcquireNextImageKHR@40 referenced in function "private: void __thiscall HelloTriangleApplication::drawFrame(void)" (?drawFrame@HelloTriangleApplication@@AAEXXZ)
Source.obj : error LNK2019: unresolved external symbol _vkQueuePresentKHR@8 referenced in function "private: void __thiscall HelloTriangleApplication::drawFrame(void)" (?drawFrame@HelloTriangleApplication@@AAEXXZ)
Source.obj : error LNK2019: unresolved external symbol _glfwInit referenced in function "private: void __thiscall HelloTriangleApplication::initWindow(void)" (?initWindow@HelloTriangleApplication@@AAEXXZ)
Source.obj : error LNK2019: unresolved external symbol _glfwTerminate referenced in function "private: void __thiscall HelloTriangleApplication::cleanup(void)" (?cleanup@HelloTriangleApplication@@AAEXXZ)
Source.obj : error LNK2019: unresolved external symbol _glfwWindowHint referenced in function "private: void __thiscall HelloTriangleApplication::initWindow(void)" (?initWindow@HelloTriangleApplication@@AAEXXZ)
Source.obj : error LNK2019: unresolved external symbol _glfwCreateWindow referenced in function "private: void __thiscall HelloTriangleApplication::initWindow(void)" (?initWindow@HelloTriangleApplication@@AAEXXZ)
Source.obj : error LNK2019: unresolved external symbol _glfwDestroyWindow referenced in function "private: void __thiscall HelloTriangleApplication::cleanup(void)" (?cleanup@HelloTriangleApplication@@AAEXXZ)
Source.obj : error LNK2019: unresolved external symbol _glfwWindowShouldClose referenced in function "private: void __thiscall HelloTriangleApplication::mainLoop(void)" (?mainLoop@HelloTriangleApplication@@AAEXXZ)
Source.obj : error LNK2019: unresolved external symbol _glfwGetFramebufferSize referenced in function "private: struct VkExtent2D __thiscall HelloTriangleApplication::chooseSwapExtent(struct VkSurfaceCapabilitiesKHR const &)" (?chooseSwapExtent@HelloTriangleApplication@@AAE?AUVkExtent2D@@ABUVkSurfaceCapabilitiesKHR@@@Z)
Source.obj : error LNK2019: unresolved external symbol _glfwSetWindowUserPointer referenced in function "private: void __thiscall HelloTriangleApplication::initWindow(void)" (?initWindow@HelloTriangleApplication@@AAEXXZ)
Source.obj : error LNK2019: unresolved external symbol _glfwGetWindowUserPointer referenced in function "private: static void __cdecl HelloTriangleApplication::framebufferResizeCallback(struct GLFWwindow *,int,int)" (?framebufferResizeCallback@HelloTriangleApplication@@CAXPAUGLFWwindow@@HH@Z)
Source.obj : error LNK2019: unresolved external symbol _glfwSetFramebufferSizeCallback referenced in function "private: void __thiscall HelloTriangleApplication::initWindow(void)" (?initWindow@HelloTriangleApplication@@AAEXXZ)
Source.obj : error LNK2019: unresolved external symbol _glfwPollEvents referenced in function "private: void __thiscall HelloTriangleApplication::mainLoop(void)" (?mainLoop@HelloTriangleApplication@@AAEXXZ)
Source.obj : error LNK2019: unresolved external symbol _glfwWaitEvents referenced in function "private: void __thiscall HelloTriangleApplication::recreateSwapChain(void)" (?recreateSwapChain@HelloTriangleApplication@@AAEXXZ)
Source.obj : error LNK2019: unresolved external symbol _glfwGetRequiredInstanceExtensions referenced in function "private: class std::vector<char const *,class std::allocator<char const *> > __thiscall HelloTriangleApplication::getRequiredExtensions(void)" (?getRequiredExtensions@HelloTriangleApplication@@AAE?AV?$vector@PBDV?$allocator@PBD@std@@@std@@XZ)
Source.obj : error LNK2019: unresolved external symbol _glfwCreateWindowSurface referenced in function "private: void __thiscall HelloTriangleApplication::createSurface(void)" (?createSurface@HelloTriangleApplication@@AAEXXZ)
C:\VulkanSDK\1.2.154.1\Lib\vulkan-1.lib : warning LNK4272: library machine type 'x64' conflicts with target machine type 'x86'
C:\Users\Dracops\Documents\Visual Studio 2017\Libraries\glfw-3.3.2.bin.WIN64\lib-vc2019\glfw3.lib : warning LNK4272: library machine type 'x64' conflicts with target machine type 'x86'
C:\Users\Dracops\Desktop\Github\BasicObjRendererVulkan-main\Debug\CW2.exe : fatal error LNK1120: 94 unresolved externals
